The flag --repo is not given, going to use mongoose-os repository
Sources: [/fwbuild-volumes/2.3/apps/cc_lib/esp8266/build_contexts/build_ctx_186311031/src/cc_lib.c]
Include dirs: [/fwbuild-volumes/2.3/apps/cc_lib/esp8266/build_contexts/build_ctx_186311031/include]
Binary libs: []
Building...
mount from "/fwbuild-volumes/2.3/apps/cc_lib/esp8266/build_contexts/build_ctx_186311031" to "/app"
mount from "/fwbuild-volumes/2.3/apps/cc_lib/esp8266/build_contexts/build_ctx_186311031/modules/mongoose-os" to "/mongoose-os"
mount from "/fwbuild-volumes/2.3/apps/cc_lib/esp8266/build_contexts/build_ctx_186311031/modules/mongoose-os" to "/fwbuild-volumes/2.3/apps/cc_lib/esp8266/build_contexts/build_ctx_186311031/modules/mongoose-os"
mount from "/fwbuild-volumes/2.3/apps/cc_lib/esp8266/build_contexts/build_ctx_186311031/build" to "/fwbuild-volumes/2.3/apps/cc_lib/esp8266/build_contexts/build_ctx_186311031/build"
mount from "/fwbuild-volumes/2.3/apps/cc_lib/esp8266/build_contexts/build_ctx_186311031/src" to "/fwbuild-volumes/2.3/apps/cc_lib/esp8266/build_contexts/build_ctx_186311031/src"
mount from "/fwbuild-volumes/2.3/apps/cc_lib/esp8266/build_contexts/build_ctx_186311031/include" to "/fwbuild-volumes/2.3/apps/cc_lib/esp8266/build_contexts/build_ctx_186311031/include"
Docker arguments: run --name mos_build_2018-06-23T05-33-27-00_6397282111879882413 --rm -i -v /fwbuild-volumes/2.3/apps/cc_lib/esp8266/build_contexts/build_ctx_186311031/build:/fwbuild-volumes/2.3/apps/cc_lib/esp8266/build_contexts/build_ctx_186311031/build -v /fwbuild-volumes/2.3/apps/cc_lib/esp8266/build_contexts/build_ctx_186311031/src:/fwbuild-volumes/2.3/apps/cc_lib/esp8266/build_contexts/build_ctx_186311031/src -v /fwbuild-volumes/2.3/apps/cc_lib/esp8266/build_contexts/build_ctx_186311031/include:/fwbuild-volumes/2.3/apps/cc_lib/esp8266/build_contexts/build_ctx_186311031/include -v /fwbuild-volumes/2.3/apps/cc_lib/esp8266/build_contexts/build_ctx_186311031:/app -v /fwbuild-volumes/2.3/apps/cc_lib/esp8266/build_contexts/build_ctx_186311031/modules/mongoose-os:/mongoose-os -v /fwbuild-volumes/2.3/apps/cc_lib/esp8266/build_contexts/build_ctx_186311031/modules/mongoose-os:/fwbuild-volumes/2.3/apps/cc_lib/esp8266/build_contexts/build_ctx_186311031/modules/mongoose-os --user 0:0 docker.io/mgos/esp8266-build:2.2.1-1.5.0-r3 /bin/bash -c nice make '-j' '16' '-C' '/app' '-f' '/mongoose-os/fw/platforms/esp8266/Makefile.build' '/fwbuild-volumes/2.3/apps/cc_lib/esp8266/build_contexts/build_ctx_186311031/build/objs/lib.a' 'APP=cc_lib' 'APP_BIN_LIBS=' 'APP_CFLAGS=' 'APP_CXXFLAGS=' 'APP_FS_FILES=' 'APP_INCLUDES=/fwbuild-volumes/2.3/apps/cc_lib/esp8266/build_contexts/build_ctx_186311031/include' 'APP_SOURCES=/fwbuild-volumes/2.3/apps/cc_lib/esp8266/build_contexts/build_ctx_186311031/src/cc_lib.c' 'APP_VERSION=1.0' 'BUILD_DIR=/fwbuild-volumes/2.3/apps/cc_lib/esp8266/build_contexts/build_ctx_186311031/build/objs' 'FFI_SYMBOLS=' 'FS_STAGING_DIR=/fwbuild-volumes/2.3/apps/cc_lib/esp8266/build_contexts/build_ctx_186311031/build/fs' 'FW_DIR=/fwbuild-volumes/2.3/apps/cc_lib/esp8266/build_contexts/build_ctx_186311031/build/fw' 'GEN_DIR=/fwbuild-volumes/2.3/apps/cc_lib/esp8266/build_contexts/build_ctx_186311031/build/gen' 'MANIFEST_FINAL=/fwbuild-volumes/2.3/apps/cc_lib/esp8266/build_contexts/build_ctx_186311031/build/gen/mos_final.yml' 'MGOS_PATH=/mongoose-os' 'PLATFORM=esp8266'
make: Entering directory '/app'
  GEN   /fwbuild-volumes/2.3/apps/cc_lib/esp8266/build_contexts/build_ctx_186311031/build/gen/mgos_config.c
  CC    /fwbuild-volumes/2.3/apps/cc_lib/esp8266/build_contexts/build_ctx_186311031/src/cc_lib.c -> /fwbuild-volumes/2.3/apps/cc_lib/esp8266/build_contexts/build_ctx_186311031/build/objs/cc_lib.c.o
In file included from /mongoose-os/fw/include/mgos.h:38:0,
                 from /fwbuild-volumes/2.3/apps/cc_lib/esp8266/build_contexts/build_ctx_186311031/src/cc_lib.c:1:
/mongoose-os/fw/include/mgos_mongoose.h:30:22: fatal error: mongoose.h: No such file or directory
 #include "mongoose.h"
                      ^
compilation terminated.
/mongoose-os/fw/platforms/esp8266/Makefile.build:465: recipe for target '/fwbuild-volumes/2.3/apps/cc_lib/esp8266/build_contexts/build_ctx_186311031/build/objs/cc_lib.c.o' failed
make: Leaving directory '/app'
make: *** [/fwbuild-volumes/2.3/apps/cc_lib/esp8266/build_contexts/build_ctx_186311031/build/objs/cc_lib.c.o] Error 1
Error: exit status 2
